<?xml version="1.0" encoding="UTF-8"?>
<!-- Generated by org.testng.reporters.JUnitXMLReporter -->
<testsuite hostname="ELM-PBASKAR-01" ignored="0" name="The Floow Test" tests="2" failures="0" timestamp="30 Oct 2017 11:36:31 GMT" time="118.004" errors="0">
  <testcase name="@BeforeMethod beforeMethod" time="0.01" classname="thefloow.tests.ValidateHomeMenu">
    <failure type="java.lang.IllegalArgumentException" message="Can not set io.appium.java_client.MobileElement field thefloow.pages.TermsPage.iAgreeBtn to org.openqa.selenium.remote.RemoteWebElement$$EnhancerByCGLIB$$d27c0df4">
      <![CDATA[java.lang.IllegalArgumentException: Can not set io.appium.java_client.MobileElement field thefloow.pages.TermsPage.iAgreeBtn to org.openqa.selenium.remote.RemoteWebElement$$EnhancerByCGLIB$$d27c0df4
	at org.openqa.selenium.support.PageFactory.proxyFields(PageFactory.java:117)
	at org.openqa.selenium.support.PageFactory.initElements(PageFactory.java:105)
	at thefloow.pages.TermsPage.<init>(TermsPage.java:25)
	at thefloow.tests.ValidateHomeMenu.beforeMethod(ValidateHomeMenu.java:54)
... Removed 31 stack frames]]>
    </failure>
  </testcase> <!-- @BeforeMethod beforeMethod -->
  <testcase name="f" time="100.593" classname="thefloow.tests.CreateAccountTest"/>
  <testcase name="f" time="0.0" classname="thefloow.tests.ValidateHomeMenu">
    <skipped/>
  </testcase> <!-- f -->
</testsuite> <!-- The Floow Test -->
